<?xml version="1.0" encoding="UTF-8"?>
<!-- Generated by org.testng.reporters.JUnitReportReporter -->
<testsuite hostname="L08LTChe0250" failures="0" tests="1" name="TestNGRunner.TestRunner" time="24.822" errors="0" timestamp="2025-09-09T12:50:35 IST" skipped="0">
  <testcase classname="TestNGRunner.TestRunner" name="runScenario" time="24.822"/>
</testsuite> <!-- TestNGRunner.TestRunner -->
