<?xml version="1.0" encoding="UTF-8"?>
<!-- Generated by org.testng.reporters.JUnitReportReporter -->
<testsuite hostname="L08LTChe0250" failures="0" tests="1" name="TestNGRunner.TestRunner" time="28.150" errors="0" timestamp="2025-09-09T15:38:34 IST" skipped="0">
  <testcase classname="TestNGRunner.TestRunner" name="runScenario" time="28.150"/>
</testsuite> <!-- TestNGRunner.TestRunner -->
